U-Boot commit information:
https://github.com/dvescovi1/u-boot.git
879bcf9407c900a53c5e9e4c49f7d2539cc1989a
U-Boot diff information:
diff --git a/arch/arm/dts/include/dt-bindings b/arch/arm/dts/include/dt-bindings
deleted file mode 120000
index 0cecb3d080..0000000000
--- a/arch/arm/dts/include/dt-bindings
+++ /dev/null
@@ -1 +0,0 @@
-../../../../include/dt-bindings
\ No newline at end of file
diff --git a/arch/arm/dts/include/dt-bindings b/arch/arm/dts/include/dt-bindings
new file mode 100644
index 0000000000..0cecb3d080
--- /dev/null
+++ b/arch/arm/dts/include/dt-bindings
@@ -0,0 +1 @@
+../../../../include/dt-bindings
\ No newline at end of file
diff --git a/arch/arm/dts/zynq-zc770-xm011-x16.dts b/arch/arm/dts/zynq-zc770-xm011-x16.dts
deleted file mode 120000
index 5bd6af39a4..0000000000
--- a/arch/arm/dts/zynq-zc770-xm011-x16.dts
+++ /dev/null
@@ -1 +0,0 @@
-zynq-zc770-xm011.dts
\ No newline at end of file
diff --git a/arch/arm/dts/zynq-zc770-xm011-x16.dts b/arch/arm/dts/zynq-zc770-xm011-x16.dts
new file mode 100644
index 0000000000..5bd6af39a4
--- /dev/null
+++ b/arch/arm/dts/zynq-zc770-xm011-x16.dts
@@ -0,0 +1 @@
+zynq-zc770-xm011.dts
\ No newline at end of file
diff --git a/arch/arm/mach-imx/mx6/Kconfig b/arch/arm/mach-imx/mx6/Kconfig
index b345a0c532..13acfb2141 100644
--- a/arch/arm/mach-imx/mx6/Kconfig
+++ b/arch/arm/mach-imx/mx6/Kconfig
@@ -1,604 +1,604 @@
-if ARCH_MX6
-
-config MX6_SMP
-	bool
-	select ARM_ERRATA_751472
-	select ARM_ERRATA_761320
-	select ARM_ERRATA_794072
-	select ARM_ERRATA_845369
-	select MP
-
-config MX6
-	bool
-	default y
-	select ARM_ERRATA_743622 if !MX6UL && !MX6ULL
-	select GPT_TIMER if !MX6UL && !MX6ULL
-	imply CMD_FUSE
-
-config MX6D
-	bool
-	select HAS_CAAM
-	select MX6_SMP
-
-config MX6DL
-	bool
-	select HAS_CAAM
-	select MX6_SMP
-
-config MX6Q
-	bool
-	select HAS_CAAM
-	select MX6_SMP
-
-config MX6QDL
-	bool
-	select HAS_CAAM
-	select MX6_SMP
-
-config MX6S
-	bool
-	select HAS_CAAM
-
-config MX6SL
-	bool
-
-config MX6SX
-	bool
-	select HAS_CAAM
-	select ROM_UNIFIED_SECTIONS
-
-config MX6SLL
-	bool
-	select ROM_UNIFIED_SECTIONS
-
-config MX6UL
-	bool
-	select HAS_CAAM
-	select ROM_UNIFIED_SECTIONS
-	select SYSCOUNTER_TIMER
-	select SYS_L2CACHE_OFF
-
-config MX6UL_LITESOM
-	bool
-	select DM
-	select DM_THERMAL
-	select MX6UL
-	select SUPPORT_SPL
-	imply CMD_DM
-
-config MX6UL_OPOS6UL
-	bool
-	select BOARD_LATE_INIT
-	select DM
-	select DM_GPIO
-	select DM_MMC
-	select DM_THERMAL
-	select MX6UL
-	select SPL_DM if SPL
-	select SPL_OF_CONTROL if SPL
-	select SPL_PINCTRL if SPL
-	select SPL_SEPARATE_BSS if SPL
-	select SUPPORT_SPL
-	imply CMD_DM
-
-config MX6ULL
-	bool
-	select ROM_UNIFIED_SECTIONS
-	select SYSCOUNTER_TIMER
-	select SYS_L2CACHE_OFF
-
-config MX6_DDRCAL
-	bool "Include dynamic DDR calibration routines"
-	depends on SPL
-	default n
-	help
-	  Say "Y" if your board uses dynamic (per-boot) DDR calibration.
-	  If unsure, say N.
-
-choice
-	prompt "MX6 board select"
-	optional
-
-config TARGET_ADVANTECH_DMS_BA16
-	bool "Advantech dms-ba16"
-	select BOARD_LATE_INIT
-	select MX6Q
-	imply CMD_SATA
-
-config TARGET_APALIS_IMX6
-	bool "Toradex Apalis iMX6 board"
-	select BOARD_LATE_INIT
-	select DM
-	select DM_SERIAL
-	select DM_THERMAL
-	select SUPPORT_SPL
-	imply CMD_DM
-	imply CMD_SATA
-
-config TARGET_ARISTAINETOS
-	bool "aristainetos"
-
-config TARGET_ARISTAINETOS2
-	bool "aristainetos2"
-	select BOARD_LATE_INIT
-
-config TARGET_ARISTAINETOS2B
-	bool "Support aristainetos2-revB"
-	select BOARD_LATE_INIT
-
-config TARGET_CGTQMX6EVAL
-	bool "cgtqmx6eval"
-	select BOARD_LATE_INIT
-	select DM
-	select DM_THERMAL
-	select MX6QDL
-	select SUPPORT_SPL
-	imply CMD_DM
-
-config TARGET_CM_FX6
-	bool "CM-FX6"
-	select BOARD_LATE_INIT
-	select DM
-	select DM_GPIO
-	select DM_SERIAL
-	select MX6QDL
-	select SUPPORT_SPL
-	imply CMD_DM
-
-config TARGET_COLIBRI_IMX6
-	bool "Toradex Colibri iMX6 board"
-	select BOARD_LATE_INIT
-	select DM
-	select DM_SERIAL
-	select DM_THERMAL
-	select SUPPORT_SPL
-	imply CMD_DM
-
-config TARGET_COLIBRI_IMX6ULL
-	bool "Toradex Colibri iMX6ULL"
-	select BOARD_LATE_INIT
-	select DM
-	select DM_THERMAL
-	select MX6ULL
-
-config TARGET_DHCOMIMX6
-	bool "dh_imx6"
-	select BOARD_EARLY_INIT_F
-	select BOARD_LATE_INIT
-	select DM
-	select DM_THERMAL
-	select MX6QDL
-	select SUPPORT_SPL
-	imply CMD_DM
-	imply CMD_SPL
-
-config TARGET_DISPLAY5
-	bool "LWN DISPLAY5 board"
-	select DM
-	select DM_SERIAL
-	select SUPPORT_SPL
-	imply CMD_DM
-
-config TARGET_EMBESTMX6BOARDS
-	bool "embestmx6boards"
-	select BOARD_LATE_INIT
-
-config TARGET_GE_BX50V3
-	bool "General Electric Bx50v3"
-	select BOARD_LATE_INIT
-	select MX6Q
-
-config TARGET_GW_VENTANA
-	bool "gw_ventana"
-	select MX6QDL
-	select SUPPORT_SPL
-	imply CMD_SATA
-	imply CMD_SPL
-
-config TARGET_KOSAGI_NOVENA
-	bool "Kosagi Novena"
-	select BOARD_LATE_INIT
-	select SUPPORT_SPL
-
-config TARGET_MCCMON6
-	bool "mccmon6"
-	select MX6QDL
-	select SUPPORT_SPL
-
-config TARGET_MX6CUBOXI
-	bool "Solid-run mx6 boards"
-	select BOARD_LATE_INIT
-	select MX6QDL
-	select SUPPORT_SPL
-
-config TARGET_MX6LOGICPD
-	bool "Logic PD i.MX6 SOM"
-	select MX6Q
-	select SUPPORT_SPL
-	select BOARD_EARLY_INIT_F
-	select BOARD_LATE_INIT
-	select DM
-	select DM_ETH
-	select DM_GPIO
-	select DM_I2C
-	select DM_MMC
-	select DM_PMIC
-	select OF_CONTROL
-	imply CMD_DM
-
-config TARGET_MX6MEMCAL
-	bool "mx6memcal"
-	select SUPPORT_SPL
-	help
-	  The mx6memcal board is a virtual board that can be used to validate
-	  and characterize the memory layout of a new design during the initial
-	  development and pre-production stages.
-
-config TARGET_MX6QARM2
-	bool "mx6qarm2"
-
-config TARGET_MX6DL_MAMOJ
-	bool "Support BTicino Mamoj"
-	select DM
-	select DM_ETH
-	select DM_GPIO
-	select DM_I2C
-	select DM_MMC
-	select DM_PMIC
-	select DM_PMIC_PFUZE100
-	select DM_THERMAL
-	select MX6QDL
-	select OF_CONTROL
-	select PINCTRL
-	select SPL
-	select SPL_DM if SPL
-	select SPL_GPIO_SUPPORT if SPL
-	select SPL_LIBCOMMON_SUPPORT if SPL
-	select SPL_LIBDISK_SUPPORT if SPL
-	select SPL_LIBGENERIC_SUPPORT if SPL
-	select SPL_MMC_SUPPORT if SPL
-	select SPL_OF_CONTROL if SPL
-	select SPL_OF_LIBFDT if SPL
-	select SPL_PINCTRL if SPL
-	select SPL_SEPARATE_BSS if SPL
-	select SPL_SERIAL_SUPPORT if SPL
-	select SPL_USB_GADGET_SUPPORT if SPL
-	select SPL_USB_HOST_SUPPORT if SPL
-	select SPL_USB_SDP_SUPPORT if SPL
-	select SPL_WATCHDOG_SUPPORT if SPL
-	select SUPPORT_SPL
-	imply CMD_DM
-
-config TARGET_MX6Q_ENGICAM
-	bool "Support Engicam i.Core(RQS)"
-	select BOARD_LATE_INIT
-	select DM
-	select DM_ETH
-	select DM_GPIO
-	select DM_I2C
-	select DM_MMC
-	select DM_THERMAL
-	select MX6QDL
-	select OF_CONTROL
-	select SPL_DM if SPL
-	select SPL_OF_CONTROL if SPL
-	select SPL_OF_LIBFDT
-	select SPL_PINCTRL if SPL
-	select SPL_SEPARATE_BSS if SPL
-	select SUPPORT_SPL
-	imply CMD_DM
-
-config TARGET_MX6RSB4411A1
-	bool "mx6rsb4411a1"
-	select MX6QDL
-	select BOARD_LATE_INIT
-	select SUPPORT_SPL
-	select DM
-	select DM_THERMAL
-	select BOARD_EARLY_INIT_F
-
-config TARGET_MX6SABREAUTO
-	bool "mx6sabreauto"
-	select BOARD_EARLY_INIT_F
-	select BOARD_LATE_INIT
-	select DM
-	select DM_THERMAL
-	select MX6QDL
-	select SUPPORT_SPL
-	imply CMD_DM
-
-config TARGET_MX6SABRESD
-	bool "mx6sabresd"
-	select BOARD_EARLY_INIT_F
-	select BOARD_LATE_INIT
-	select DM
-	select DM_THERMAL
-	select MX6QDL
-	select SUPPORT_SPL
-	imply CMD_DM
-
-config TARGET_MX6SABRELITE
-	bool "mx6sabrelite"
-	select BOARD_EARLY_INIT_F
-	select BOARD_LATE_INIT
-	select DM
-	select DM_THERMAL
-	select MX6QDL
-	select SUPPORT_SPL
-	imply CMD_DM
-
-config TARGET_MX6SLEVK
-	bool "mx6slevk"
-	select MX6SL
-	select SUPPORT_SPL
-
-config TARGET_MX6SLLEVK
-	bool "mx6sll evk"
-	select BOARD_LATE_INIT
-	select DM
-	select DM_THERMAL
-	select MX6SLL
-	imply CMD_DM
-
-config TARGET_MX6SXSABRESD
-	bool "mx6sxsabresd"
-	select BOARD_EARLY_INIT_F
-	select BOARD_LATE_INIT
-	select DM
-	select DM_THERMAL
-	select MX6SX
-	select SUPPORT_SPL
-
-config TARGET_MX6SXSABREAUTO
-	bool "mx6sxsabreauto"
-	select BOARD_EARLY_INIT_F
-	select BOARD_LATE_INIT
-	select DM
-	select DM_THERMAL
-	select MX6SX
-	imply CMD_DM
-
-config TARGET_MX6UL_9X9_EVK
-	bool "mx6ul_9x9_evk"
-	select BOARD_LATE_INIT
-	select DM
-	select DM_THERMAL
-	select MX6UL
-	select SUPPORT_SPL
-	imply CMD_DM
-
-config TARGET_MX6UL_14X14_EVK
-	bool "mx6ul_14x14_evk"
-	select BOARD_LATE_INIT
-	select DM
-	select DM_THERMAL
-	select MX6UL
-	select SUPPORT_SPL
-	imply CMD_DM
-
-config TARGET_MX6UL_ENGICAM
-	bool "Support Engicam GEAM6UL/Is.IoT"
-	select BOARD_LATE_INIT
-	select DM
-	select DM_ETH
-	select DM_GPIO
-	select DM_I2C
-	select DM_MMC
-	select DM_THERMAL
-	select MX6UL
-	select OF_CONTROL
-	select SPL_DM if SPL
-	select SPL_OF_CONTROL if SPL
-	select SPL_PINCTRL if SPL
-	select SPL_SEPARATE_BSS if SPL
-	select SUPPORT_SPL
-	imply CMD_DM
-
-config TARGET_MX6ULL_14X14_EVK
-	bool "Support mx6ull_14x14_evk"
-	select BOARD_LATE_INIT
-	select DM
-	select DM_THERMAL
-	select MX6ULL
-	imply CMD_DM
-
-config TARGET_MX6VAB820
-	bool "mx6vab820"
-	select MX6QDL
-	select BOARD_LATE_INIT
-	select SUPPORT_SPL
-	select DM
-	select DM_THERMAL
-	select BOARD_EARLY_INIT_F
-
-config TARGET_NITROGEN6X
-	bool "nitrogen6x"
-	imply USB_ETHER_ASIX
-	imply USB_ETHER_MCS7830
-	imply USB_ETHER_SMSC95XX
-	imply USB_HOST_ETHER
-
-config TARGET_OPOS6ULDEV
-	bool "Armadeus OPOS6ULDev board"
-	select MX6UL_OPOS6UL
-
-config TARGET_OT1200
-	bool "Bachmann OT1200"
-	select SUPPORT_SPL
-	imply CMD_SATA
-
-config TARGET_PICO_IMX6UL
-	bool "PICO-IMX6UL-EMMC"
-	select MX6UL
-
-config TARGET_LITEBOARD
-	bool "Grinn liteBoard (i.MX6UL)"
-	select BOARD_LATE_INIT
-	select MX6UL_LITESOM
-
-config TARGET_PLATINUM_PICON
-	bool "platinum-picon"
-	select SUPPORT_SPL
-
-config TARGET_PLATINUM_TITANIUM
-	bool "platinum-titanium"
-	select SUPPORT_SPL
-
-config TARGET_PCM058
-	bool "Phytec PCM058 i.MX6 Quad"
-	select BOARD_LATE_INIT
-	select SUPPORT_SPL
-
-config TARGET_PFLA02
-	bool "Phytec PFLA02 (PhyFlex) i.MX6 Quad"
-	select BOARD_LATE_INIT
-	select MX6QDL
-	select SUPPORT_SPL
-
-config TARGET_SECOMX6
-	bool "secomx6 boards"
-
-config TARGET_SKSIMX6
-	bool "sks-imx6"
-	select SUPPORT_SPL
-
-config TARGET_TBS2910
-	bool "TBS2910 Matrix ARM mini PC"
-
-config TARGET_TITANIUM
-	bool "titanium"
-
-config TARGET_KP_IMX6Q_TPC
-	bool "K+P KP_IMX6Q_TPC i.MX6 Quad"
-	select BOARD_EARLY_INIT_F
-	select BOARD_LATE_INIT
-	select DM
-	select DM_THERMAL
-	select MX6QDL
-	select SUPPORT_SPL
-	imply CMD_DM
-	imply CMD_SPL
-
-config TARGET_TQMA6
-	bool "TQ Systems TQMa6 board"
-	select BOARD_LATE_INIT
-
-config TARGET_UDOO
-	bool "udoo"
-	select BOARD_LATE_INIT
-	select MX6QDL
-	select SUPPORT_SPL
-
-config TARGET_UDOO_NEO
-	bool "UDOO Neo"
-	select BOARD_LATE_INIT
-	select DM
-	select DM_THERMAL
-	select MX6SX
-	select SUPPORT_SPL
-	imply CMD_DM
-
-config TARGET_SAMTEC_VINING_2000
-	bool "samtec VIN|ING 2000"
-	select BOARD_LATE_INIT
-	select DM
-	select DM_THERMAL
-	select MX6SX
-	imply CMD_DM
-
-config TARGET_WANDBOARD
-	bool "wandboard"
-	select BOARD_LATE_INIT
-	select MX6QDL
-	select SUPPORT_SPL
-
-config TARGET_WARP
-	bool "WaRP"
-	select BOARD_LATE_INIT
-	select MX6SL
-
-config TARGET_XPRESS
-	bool "CCV xPress"
-	select BOARD_LATE_INIT
-	select DM
-	select DM_THERMAL
-	select MX6UL
-	select SUPPORT_SPL
-	imply CMD_DM
-
-config TARGET_ZC5202
-	bool "zc5202"
-	select BOARD_LATE_INIT
-	select DM
-	select DM_THERMAL
-	select SUPPORT_SPL
-	imply CMD_DM
-
-config TARGET_ZC5601
-	bool "zc5601"
-	select BOARD_LATE_INIT
-	select DM
-	select DM_THERMAL
-	select SUPPORT_SPL
-	imply CMD_DM
-
-endchoice
-
-config SYS_SOC
-	default "mx6"
-
-source "board/ge/bx50v3/Kconfig"
-source "board/advantech/dms-ba16/Kconfig"
-source "board/advantech/mx6rsb4411/Kconfig"
-source "board/aristainetos/Kconfig"
-source "board/armadeus/opos6uldev/Kconfig"
-source "board/bachmann/ot1200/Kconfig"
-source "board/barco/platinum/Kconfig"
-source "board/barco/titanium/Kconfig"
-source "board/boundary/nitrogen6x/Kconfig"
-source "board/bticino/mamoj/Kconfig"
-source "board/ccv/xpress/Kconfig"
-source "board/compulab/cm_fx6/Kconfig"
-source "board/congatec/cgtqmx6eval/Kconfig"
-source "board/dhelectronics/dh_imx6/Kconfig"
-source "board/el/el6x/Kconfig"
-source "board/embest/mx6boards/Kconfig"
-source "board/engicam/imx6q/Kconfig"
-source "board/engicam/imx6ul/Kconfig"
-source "board/freescale/mx6qarm2/Kconfig"
-source "board/freescale/mx6memcal/Kconfig"
-source "board/freescale/mx6sabreauto/Kconfig"
-source "board/freescale/mx6sabresd/Kconfig"
-source "board/freescale/mx6sabrelite/Kconfig"
-source "board/freescale/mx6slevk/Kconfig"
-source "board/freescale/mx6sllevk/Kconfig"
-source "board/freescale/mx6sxsabresd/Kconfig"
-source "board/freescale/mx6sxsabreauto/Kconfig"
-source "board/freescale/mx6ul_14x14_evk/Kconfig"
-source "board/freescale/mx6ullevk/Kconfig"
-source "board/grinn/liteboard/Kconfig"
-source "board/phytec/pcm058/Kconfig"
-source "board/phytec/pfla02/Kconfig"
-source "board/gateworks/gw_ventana/Kconfig"
-source "board/kosagi/novena/Kconfig"
-source "board/samtec/vining_2000/Kconfig"
-source "board/liebherr/display5/Kconfig"
-source "board/liebherr/mccmon6/Kconfig"
-source "board/logicpd/imx6/Kconfig"
-source "board/seco/Kconfig"
-source "board/sks-kinkel/sksimx6/Kconfig"
-source "board/solidrun/mx6cuboxi/Kconfig"
-source "board/technexion/pico-imx6ul/Kconfig"
-source "board/tbs/tbs2910/Kconfig"
-source "board/tqc/tqma6/Kconfig"
-source "board/toradex/apalis_imx6/Kconfig"
-source "board/toradex/colibri_imx6/Kconfig"
-source "board/toradex/colibri-imx6ull/Kconfig"
-source "board/k+p/kp_imx6q_tpc/Kconfig"
-source "board/udoo/Kconfig"
-source "board/udoo/neo/Kconfig"
-source "board/via/mx6vab820/Kconfig"
-source "board/wandboard/Kconfig"
-source "board/warp/Kconfig"
-
-endif
+if ARCH_MX6
+
+config MX6_SMP
+	bool
+	select ARM_ERRATA_751472
+	select ARM_ERRATA_761320
+	select ARM_ERRATA_794072
+	select ARM_ERRATA_845369
+	select MP
+
+config MX6
+	bool
+	default y
+	select ARM_ERRATA_743622 if !MX6UL && !MX6ULL
+	select GPT_TIMER if !MX6UL && !MX6ULL
+	imply CMD_FUSE
+
+config MX6D
+	bool
+	select HAS_CAAM
+	select MX6_SMP
+
+config MX6DL
+	bool
+	select HAS_CAAM
+	select MX6_SMP
+
+config MX6Q
+	bool
+	select HAS_CAAM
+	select MX6_SMP
+
+config MX6QDL
+	bool
+	select HAS_CAAM
+	select MX6_SMP
+
+config MX6S
+	bool
+	select HAS_CAAM
+
+config MX6SL
+	bool
+
+config MX6SX
+	bool
+	select HAS_CAAM
+	select ROM_UNIFIED_SECTIONS
+
+config MX6SLL
+	bool
+	select ROM_UNIFIED_SECTIONS
+
+config MX6UL
+	bool
+	select HAS_CAAM
+	select ROM_UNIFIED_SECTIONS
+	select SYSCOUNTER_TIMER
+	select SYS_L2CACHE_OFF
+
+config MX6UL_LITESOM
+	bool
+	select DM
+	select DM_THERMAL
+	select MX6UL
+	select SUPPORT_SPL
+	imply CMD_DM
+
+config MX6UL_OPOS6UL
+	bool
+	select BOARD_LATE_INIT
+	select DM
+	select DM_GPIO
+	select DM_MMC
+	select DM_THERMAL
+	select MX6UL
+	select SPL_DM if SPL
+	select SPL_OF_CONTROL if SPL
+	select SPL_PINCTRL if SPL
+	select SPL_SEPARATE_BSS if SPL
+	select SUPPORT_SPL
+	imply CMD_DM
+
+config MX6ULL
+	bool
+	select ROM_UNIFIED_SECTIONS
+	select SYSCOUNTER_TIMER
+	select SYS_L2CACHE_OFF
+
+config MX6_DDRCAL
+	bool "Include dynamic DDR calibration routines"
+	depends on SPL
+	default n
+	help
+	  Say "Y" if your board uses dynamic (per-boot) DDR calibration.
+	  If unsure, say N.
+
+choice
+	prompt "MX6 board select"
+	optional
+
+config TARGET_ADVANTECH_DMS_BA16
+	bool "Advantech dms-ba16"
+	select BOARD_LATE_INIT
+	select MX6Q
+	imply CMD_SATA
+
+config TARGET_APALIS_IMX6
+	bool "Toradex Apalis iMX6 board"
+	select BOARD_LATE_INIT
+	select DM
+	select DM_SERIAL
+	select DM_THERMAL
+	select SUPPORT_SPL
+	imply CMD_DM
+	imply CMD_SATA
+
+config TARGET_ARISTAINETOS
+	bool "aristainetos"
+
+config TARGET_ARISTAINETOS2
+	bool "aristainetos2"
+	select BOARD_LATE_INIT
+
+config TARGET_ARISTAINETOS2B
+	bool "Support aristainetos2-revB"
+	select BOARD_LATE_INIT
+
+config TARGET_CGTQMX6EVAL
+	bool "cgtqmx6eval"
+	select BOARD_LATE_INIT
+	select DM
+	select DM_THERMAL
+	select MX6QDL
+	select SUPPORT_SPL
+	imply CMD_DM
+
+config TARGET_CM_FX6
+	bool "CM-FX6"
+	select BOARD_LATE_INIT
+	select DM
+	select DM_GPIO
+	select DM_SERIAL
+	select MX6QDL
+	select SUPPORT_SPL
+	imply CMD_DM
+
+config TARGET_COLIBRI_IMX6
+	bool "Toradex Colibri iMX6 board"
+	select BOARD_LATE_INIT
+	select DM
+	select DM_SERIAL
+	select DM_THERMAL
+	select SUPPORT_SPL
+	imply CMD_DM
+
+config TARGET_COLIBRI_IMX6ULL
+	bool "Toradex Colibri iMX6ULL"
+	select BOARD_LATE_INIT
+	select DM
+	select DM_THERMAL
+	select MX6ULL
+
+config TARGET_DHCOMIMX6
+	bool "dh_imx6"
+	select BOARD_EARLY_INIT_F
+	select BOARD_LATE_INIT
+	select DM
+	select DM_THERMAL
+	select MX6QDL
+	select SUPPORT_SPL
+	imply CMD_DM
+	imply CMD_SPL
+
+config TARGET_DISPLAY5
+	bool "LWN DISPLAY5 board"
+	select DM
+	select DM_SERIAL
+	select SUPPORT_SPL
+	imply CMD_DM
+
+config TARGET_EMBESTMX6BOARDS
+	bool "embestmx6boards"
+	select BOARD_LATE_INIT
+
+config TARGET_GE_BX50V3
+	bool "General Electric Bx50v3"
+	select BOARD_LATE_INIT
+	select MX6Q
+
+config TARGET_GW_VENTANA
+	bool "gw_ventana"
+	select MX6QDL
+	select SUPPORT_SPL
+	imply CMD_SATA
+	imply CMD_SPL
+
+config TARGET_KOSAGI_NOVENA
+	bool "Kosagi Novena"
+	select BOARD_LATE_INIT
+	select SUPPORT_SPL
+
+config TARGET_MCCMON6
+	bool "mccmon6"
+	select MX6QDL
+	select SUPPORT_SPL
+
+config TARGET_MX6CUBOXI
+	bool "Solid-run mx6 boards"
+	select BOARD_LATE_INIT
+	select MX6QDL
+	select SUPPORT_SPL
+
+config TARGET_MX6LOGICPD
+	bool "Logic PD i.MX6 SOM"
+	select MX6Q
+	select SUPPORT_SPL
+	select BOARD_EARLY_INIT_F
+	select BOARD_LATE_INIT
+	select DM
+	select DM_ETH
+	select DM_GPIO
+	select DM_I2C
+	select DM_MMC
+	select DM_PMIC
+	select OF_CONTROL
+	imply CMD_DM
+
+config TARGET_MX6MEMCAL
+	bool "mx6memcal"
+	select SUPPORT_SPL
+	help
+	  The mx6memcal board is a virtual board that can be used to validate
+	  and characterize the memory layout of a new design during the initial
+	  development and pre-production stages.
+
+config TARGET_MX6QARM2
+	bool "mx6qarm2"
+
+config TARGET_MX6DL_MAMOJ
+	bool "Support BTicino Mamoj"
+	select DM
+	select DM_ETH
+	select DM_GPIO
+	select DM_I2C
+	select DM_MMC
+	select DM_PMIC
+	select DM_PMIC_PFUZE100
+	select DM_THERMAL
+	select MX6QDL
+	select OF_CONTROL
+	select PINCTRL
+	select SPL
+	select SPL_DM if SPL
+	select SPL_GPIO_SUPPORT if SPL
+	select SPL_LIBCOMMON_SUPPORT if SPL
+	select SPL_LIBDISK_SUPPORT if SPL
+	select SPL_LIBGENERIC_SUPPORT if SPL
+	select SPL_MMC_SUPPORT if SPL
+	select SPL_OF_CONTROL if SPL
+	select SPL_OF_LIBFDT if SPL
+	select SPL_PINCTRL if SPL
+	select SPL_SEPARATE_BSS if SPL
+	select SPL_SERIAL_SUPPORT if SPL
+	select SPL_USB_GADGET_SUPPORT if SPL
+	select SPL_USB_HOST_SUPPORT if SPL
+	select SPL_USB_SDP_SUPPORT if SPL
+	select SPL_WATCHDOG_SUPPORT if SPL
+	select SUPPORT_SPL
+	imply CMD_DM
+
+config TARGET_MX6Q_ENGICAM
+	bool "Support Engicam i.Core(RQS)"
+	select BOARD_LATE_INIT
+	select DM
+	select DM_ETH
+	select DM_GPIO
+	select DM_I2C
+	select DM_MMC
+	select DM_THERMAL
+	select MX6QDL
+	select OF_CONTROL
+	select SPL_DM if SPL
+	select SPL_OF_CONTROL if SPL
+	select SPL_OF_LIBFDT
+	select SPL_PINCTRL if SPL
+	select SPL_SEPARATE_BSS if SPL
+	select SUPPORT_SPL
+	imply CMD_DM
+
+config TARGET_MX6RSB4411A1
+	bool "mx6rsb4411a1"
+	select MX6QDL
+	select BOARD_LATE_INIT
+	select SUPPORT_SPL
+	select DM
+	select DM_THERMAL
+	select BOARD_EARLY_INIT_F
+
+config TARGET_MX6SABREAUTO
+	bool "mx6sabreauto"
+	select BOARD_EARLY_INIT_F
+	select BOARD_LATE_INIT
+	select DM
+	select DM_THERMAL
+	select MX6QDL
+	select SUPPORT_SPL
+	imply CMD_DM
+
+config TARGET_MX6SABRESD
+	bool "mx6sabresd"
+	select BOARD_EARLY_INIT_F
+	select BOARD_LATE_INIT
+	select DM
+	select DM_THERMAL
+	select MX6QDL
+	select SUPPORT_SPL
+	imply CMD_DM
+
+config TARGET_MX6SABRELITE
+	bool "mx6sabrelite"
+	select BOARD_EARLY_INIT_F
+	select BOARD_LATE_INIT
+	select DM
+	select DM_THERMAL
+	select MX6QDL
+	select SUPPORT_SPL
+	imply CMD_DM
+
+config TARGET_MX6SLEVK
+	bool "mx6slevk"
+	select MX6SL
+	select SUPPORT_SPL
+
+config TARGET_MX6SLLEVK
+	bool "mx6sll evk"
+	select BOARD_LATE_INIT
+	select DM
+	select DM_THERMAL
+	select MX6SLL
+	imply CMD_DM
+
+config TARGET_MX6SXSABRESD
+	bool "mx6sxsabresd"
+	select BOARD_EARLY_INIT_F
+	select BOARD_LATE_INIT
+	select DM
+	select DM_THERMAL
+	select MX6SX
+	select SUPPORT_SPL
+
+config TARGET_MX6SXSABREAUTO
+	bool "mx6sxsabreauto"
+	select BOARD_EARLY_INIT_F
+	select BOARD_LATE_INIT
+	select DM
+	select DM_THERMAL
+	select MX6SX
+	imply CMD_DM
+
+config TARGET_MX6UL_9X9_EVK
+	bool "mx6ul_9x9_evk"
+	select BOARD_LATE_INIT
+	select DM
+	select DM_THERMAL
+	select MX6UL
+	select SUPPORT_SPL
+	imply CMD_DM
+
+config TARGET_MX6UL_14X14_EVK
+	bool "mx6ul_14x14_evk"
+	select BOARD_LATE_INIT
+	select DM
+	select DM_THERMAL
+	select MX6UL
+	select SUPPORT_SPL
+	imply CMD_DM
+
+config TARGET_MX6UL_ENGICAM
+	bool "Support Engicam GEAM6UL/Is.IoT"
+	select BOARD_LATE_INIT
+	select DM
+	select DM_ETH
+	select DM_GPIO
+	select DM_I2C
+	select DM_MMC
+	select DM_THERMAL
+	select MX6UL
+	select OF_CONTROL
+	select SPL_DM if SPL
+	select SPL_OF_CONTROL if SPL
+	select SPL_PINCTRL if SPL
+	select SPL_SEPARATE_BSS if SPL
+	select SUPPORT_SPL
+	imply CMD_DM
+
+config TARGET_MX6ULL_14X14_EVK
+	bool "Support mx6ull_14x14_evk"
+	select BOARD_LATE_INIT
+	select DM
+	select DM_THERMAL
+	select MX6ULL
+	imply CMD_DM
+
+config TARGET_MX6VAB820
+	bool "mx6vab820"
+	select MX6QDL
+	select BOARD_LATE_INIT
+	select SUPPORT_SPL
+	select DM
+	select DM_THERMAL
+	select BOARD_EARLY_INIT_F
+
+config TARGET_NITROGEN6X
+	bool "nitrogen6x"
+	imply USB_ETHER_ASIX
+	imply USB_ETHER_MCS7830
+	imply USB_ETHER_SMSC95XX
+	imply USB_HOST_ETHER
+
+config TARGET_OPOS6ULDEV
+	bool "Armadeus OPOS6ULDev board"
+	select MX6UL_OPOS6UL
+
+config TARGET_OT1200
+	bool "Bachmann OT1200"
+	select SUPPORT_SPL
+	imply CMD_SATA
+
+config TARGET_PICO_IMX6UL
+	bool "PICO-IMX6UL-EMMC"
+	select MX6UL
+
+config TARGET_LITEBOARD
+	bool "Grinn liteBoard (i.MX6UL)"
+	select BOARD_LATE_INIT
+	select MX6UL_LITESOM
+
+config TARGET_PLATINUM_PICON
+	bool "platinum-picon"
+	select SUPPORT_SPL
+
+config TARGET_PLATINUM_TITANIUM
+	bool "platinum-titanium"
+	select SUPPORT_SPL
+
+config TARGET_PCM058
+	bool "Phytec PCM058 i.MX6 Quad"
+	select BOARD_LATE_INIT
+	select SUPPORT_SPL
+
+config TARGET_PFLA02
+	bool "Phytec PFLA02 (PhyFlex) i.MX6 Quad"
+	select BOARD_LATE_INIT
+	select MX6QDL
+	select SUPPORT_SPL
+
+config TARGET_SECOMX6
+	bool "secomx6 boards"
+
+config TARGET_SKSIMX6
+	bool "sks-imx6"
+	select SUPPORT_SPL
+
+config TARGET_TBS2910
+	bool "TBS2910 Matrix ARM mini PC"
+
+config TARGET_TITANIUM
+	bool "titanium"
+
+config TARGET_KP_IMX6Q_TPC
+	bool "K+P KP_IMX6Q_TPC i.MX6 Quad"
+	select BOARD_EARLY_INIT_F
+	select BOARD_LATE_INIT
+	select DM
+	select DM_THERMAL
+	select MX6QDL
+	select SUPPORT_SPL
+	imply CMD_DM
+	imply CMD_SPL
+
+config TARGET_TQMA6
+	bool "TQ Systems TQMa6 board"
+	select BOARD_LATE_INIT
+
+config TARGET_UDOO
+	bool "udoo"
+	select BOARD_LATE_INIT
+	select MX6QDL
+	select SUPPORT_SPL
+
+config TARGET_UDOO_NEO
+	bool "UDOO Neo"
+	select BOARD_LATE_INIT
+	select DM
+	select DM_THERMAL
+	select MX6SX
+	select SUPPORT_SPL
+	imply CMD_DM
+
+config TARGET_SAMTEC_VINING_2000
+	bool "samtec VIN|ING 2000"
+	select BOARD_LATE_INIT
+	select DM
+	select DM_THERMAL
+	select MX6SX
+	imply CMD_DM
+
+config TARGET_WANDBOARD
+	bool "wandboard"
+	select BOARD_LATE_INIT
+	select MX6QDL
+	select SUPPORT_SPL
+
+config TARGET_WARP
+	bool "WaRP"
+	select BOARD_LATE_INIT
+	select MX6SL
+
+config TARGET_XPRESS
+	bool "CCV xPress"
+	select BOARD_LATE_INIT
+	select DM
+	select DM_THERMAL
+	select MX6UL
+	select SUPPORT_SPL
+	imply CMD_DM
+
+config TARGET_ZC5202
+	bool "zc5202"
+	select BOARD_LATE_INIT
+	select DM
+	select DM_THERMAL
+	select SUPPORT_SPL
+	imply CMD_DM
+
+config TARGET_ZC5601
+	bool "zc5601"
+	select BOARD_LATE_INIT
+	select DM
+	select DM_THERMAL
+	select SUPPORT_SPL
+	imply CMD_DM
+
+endchoice
+
+config SYS_SOC
+	default "mx6"
+
+source "board/ge/bx50v3/Kconfig"
+source "board/advantech/dms-ba16/Kconfig"
+source "board/advantech/mx6rsb4411/Kconfig"
+source "board/aristainetos/Kconfig"
+source "board/armadeus/opos6uldev/Kconfig"
+source "board/bachmann/ot1200/Kconfig"
+source "board/barco/platinum/Kconfig"
+source "board/barco/titanium/Kconfig"
+source "board/boundary/nitrogen6x/Kconfig"
+source "board/bticino/mamoj/Kconfig"
+source "board/ccv/xpress/Kconfig"
+source "board/compulab/cm_fx6/Kconfig"
+source "board/congatec/cgtqmx6eval/Kconfig"
+source "board/dhelectronics/dh_imx6/Kconfig"
+source "board/el/el6x/Kconfig"
+source "board/embest/mx6boards/Kconfig"
+source "board/engicam/imx6q/Kconfig"
+source "board/engicam/imx6ul/Kconfig"
+source "board/freescale/mx6qarm2/Kconfig"
+source "board/freescale/mx6memcal/Kconfig"
+source "board/freescale/mx6sabreauto/Kconfig"
+source "board/freescale/mx6sabresd/Kconfig"
+source "board/freescale/mx6sabrelite/Kconfig"
+source "board/freescale/mx6slevk/Kconfig"
+source "board/freescale/mx6sllevk/Kconfig"
+source "board/freescale/mx6sxsabresd/Kconfig"
+source "board/freescale/mx6sxsabreauto/Kconfig"
+source "board/freescale/mx6ul_14x14_evk/Kconfig"
+source "board/freescale/mx6ullevk/Kconfig"
+source "board/grinn/liteboard/Kconfig"
+source "board/phytec/pcm058/Kconfig"
+source "board/phytec/pfla02/Kconfig"
+source "board/gateworks/gw_ventana/Kconfig"
+source "board/kosagi/novena/Kconfig"
+source "board/samtec/vining_2000/Kconfig"
+source "board/liebherr/display5/Kconfig"
+source "board/liebherr/mccmon6/Kconfig"
+source "board/logicpd/imx6/Kconfig"
+source "board/seco/Kconfig"
+source "board/sks-kinkel/sksimx6/Kconfig"
+source "board/solidrun/mx6cuboxi/Kconfig"
+source "board/technexion/pico-imx6ul/Kconfig"
+source "board/tbs/tbs2910/Kconfig"
+source "board/tqc/tqma6/Kconfig"
+source "board/toradex/apalis_imx6/Kconfig"
+source "board/toradex/colibri_imx6/Kconfig"
+source "board/toradex/colibri-imx6ull/Kconfig"
+source "board/k+p/kp_imx6q_tpc/Kconfig"
+source "board/udoo/Kconfig"
+source "board/udoo/neo/Kconfig"
+source "board/via/mx6vab820/Kconfig"
+source "board/wandboard/Kconfig"
+source "board/warp/Kconfig"
+
+endif
diff --git a/arch/microblaze/dts/include/dt-bindings b/arch/microblaze/dts/include/dt-bindings
deleted file mode 120000
index 0cecb3d080..0000000000
--- a/arch/microblaze/dts/include/dt-bindings
+++ /dev/null
@@ -1 +0,0 @@
-../../../../include/dt-bindings
\ No newline at end of file
diff --git a/arch/microblaze/dts/include/dt-bindings b/arch/microblaze/dts/include/dt-bindings
new file mode 100644
index 0000000000..0cecb3d080
--- /dev/null
+++ b/arch/microblaze/dts/include/dt-bindings
@@ -0,0 +1 @@
+../../../../include/dt-bindings
\ No newline at end of file
diff --git a/arch/mips/dts/include/dt-bindings b/arch/mips/dts/include/dt-bindings
deleted file mode 120000
index 0cecb3d080..0000000000
--- a/arch/mips/dts/include/dt-bindings
+++ /dev/null
@@ -1 +0,0 @@
-../../../../include/dt-bindings
\ No newline at end of file
diff --git a/arch/mips/dts/include/dt-bindings b/arch/mips/dts/include/dt-bindings
new file mode 100644
index 0000000000..0cecb3d080
--- /dev/null
+++ b/arch/mips/dts/include/dt-bindings
@@ -0,0 +1 @@
+../../../../include/dt-bindings
\ No newline at end of file
diff --git a/arch/nios2/dts/include/dt-bindings b/arch/nios2/dts/include/dt-bindings
deleted file mode 120000
index 0cecb3d080..0000000000
--- a/arch/nios2/dts/include/dt-bindings
+++ /dev/null
@@ -1 +0,0 @@
-../../../../include/dt-bindings
\ No newline at end of file
diff --git a/arch/nios2/dts/include/dt-bindings b/arch/nios2/dts/include/dt-bindings
new file mode 100644
index 0000000000..0cecb3d080
--- /dev/null
+++ b/arch/nios2/dts/include/dt-bindings
@@ -0,0 +1 @@
+../../../../include/dt-bindings
\ No newline at end of file
diff --git a/arch/sandbox/dts/include/dt-bindings b/arch/sandbox/dts/include/dt-bindings
deleted file mode 120000
index 0cecb3d080..0000000000
--- a/arch/sandbox/dts/include/dt-bindings
+++ /dev/null
@@ -1 +0,0 @@
-../../../../include/dt-bindings
\ No newline at end of file
diff --git a/arch/sandbox/dts/include/dt-bindings b/arch/sandbox/dts/include/dt-bindings
new file mode 100644
index 0000000000..0cecb3d080
--- /dev/null
+++ b/arch/sandbox/dts/include/dt-bindings
@@ -0,0 +1 @@
+../../../../include/dt-bindings
\ No newline at end of file
diff --git a/arch/x86/dts/include/dt-bindings b/arch/x86/dts/include/dt-bindings
deleted file mode 120000
index 0cecb3d080..0000000000
--- a/arch/x86/dts/include/dt-bindings
+++ /dev/null
@@ -1 +0,0 @@
-../../../../include/dt-bindings
\ No newline at end of file
diff --git a/arch/x86/dts/include/dt-bindings b/arch/x86/dts/include/dt-bindings
new file mode 100644
index 0000000000..0cecb3d080
--- /dev/null
+++ b/arch/x86/dts/include/dt-bindings
@@ -0,0 +1 @@
+../../../../include/dt-bindings
\ No newline at end of file
diff --git a/arch/xtensa/dts/include/dt-bindings b/arch/xtensa/dts/include/dt-bindings
deleted file mode 120000
index 0cecb3d080..0000000000
--- a/arch/xtensa/dts/include/dt-bindings
+++ /dev/null
@@ -1 +0,0 @@
-../../../../include/dt-bindings
\ No newline at end of file
diff --git a/arch/xtensa/dts/include/dt-bindings b/arch/xtensa/dts/include/dt-bindings
new file mode 100644
index 0000000000..0cecb3d080
--- /dev/null
+++ b/arch/xtensa/dts/include/dt-bindings
@@ -0,0 +1 @@
+../../../../include/dt-bindings
\ No newline at end of file
diff --git a/board/xilinx/zynq/zynq-cse-qspi-single b/board/xilinx/zynq/zynq-cse-qspi-single
deleted file mode 120000
index 764d141171..0000000000
--- a/board/xilinx/zynq/zynq-cse-qspi-single
+++ /dev/null
@@ -1 +0,0 @@
-zynq-zc706
\ No newline at end of file
diff --git a/board/xilinx/zynq/zynq-cse-qspi-single b/board/xilinx/zynq/zynq-cse-qspi-single
new file mode 100644
index 0000000000..764d141171
--- /dev/null
+++ b/board/xilinx/zynq/zynq-cse-qspi-single
@@ -0,0 +1 @@
+zynq-zc706
\ No newline at end of file
diff --git a/board/xilinx/zynqmp/avnet-ultra96-rev1 b/board/xilinx/zynqmp/avnet-ultra96-rev1
deleted file mode 120000
index f2beed309a..0000000000
--- a/board/xilinx/zynqmp/avnet-ultra96-rev1
+++ /dev/null
@@ -1 +0,0 @@
-zynqmp-zcu100-revC
\ No newline at end of file
diff --git a/board/xilinx/zynqmp/avnet-ultra96-rev1 b/board/xilinx/zynqmp/avnet-ultra96-rev1
new file mode 100644
index 0000000000..f2beed309a
--- /dev/null
+++ b/board/xilinx/zynqmp/avnet-ultra96-rev1
@@ -0,0 +1 @@
+zynqmp-zcu100-revC
\ No newline at end of file
diff --git a/board/xilinx/zynqmp/zynqmp-zc1275-revA b/board/xilinx/zynqmp/zynqmp-zc1275-revA
deleted file mode 120000
index 7abf1dc462..0000000000
--- a/board/xilinx/zynqmp/zynqmp-zc1275-revA
+++ /dev/null
@@ -1 +0,0 @@
-zynqmp-zc1254-revA
\ No newline at end of file
diff --git a/board/xilinx/zynqmp/zynqmp-zc1275-revA b/board/xilinx/zynqmp/zynqmp-zc1275-revA
new file mode 100644
index 0000000000..7abf1dc462
--- /dev/null
+++ b/board/xilinx/zynqmp/zynqmp-zc1275-revA
@@ -0,0 +1 @@
+zynqmp-zc1254-revA
\ No newline at end of file
diff --git a/board/xilinx/zynqmp/zynqmp-zcu104-revC b/board/xilinx/zynqmp/zynqmp-zcu104-revC
deleted file mode 120000
index 529e18f52d..0000000000
--- a/board/xilinx/zynqmp/zynqmp-zcu104-revC
+++ /dev/null
@@ -1 +0,0 @@
-zynqmp-zcu104-revA
\ No newline at end of file
diff --git a/board/xilinx/zynqmp/zynqmp-zcu104-revC b/board/xilinx/zynqmp/zynqmp-zcu104-revC
new file mode 100644
index 0000000000..529e18f52d
--- /dev/null
+++ b/board/xilinx/zynqmp/zynqmp-zcu104-revC
@@ -0,0 +1 @@
+zynqmp-zcu104-revA
\ No newline at end of file
diff --git a/tools/binman/binman b/tools/binman/binman
deleted file mode 120000
index 979b7e4d4b..0000000000
--- a/tools/binman/binman
+++ /dev/null
@@ -1 +0,0 @@
-binman.py
\ No newline at end of file
diff --git a/tools/binman/binman b/tools/binman/binman
new file mode 100644
index 0000000000..979b7e4d4b
--- /dev/null
+++ b/tools/binman/binman
@@ -0,0 +1 @@
+binman.py
\ No newline at end of file
diff --git a/tools/binman/test/u_boot_binman_syms_bad.c b/tools/binman/test/u_boot_binman_syms_bad.c
deleted file mode 120000
index 939b2e965f..0000000000
--- a/tools/binman/test/u_boot_binman_syms_bad.c
+++ /dev/null
@@ -1 +0,0 @@
-u_boot_binman_syms.c
\ No newline at end of file
diff --git a/tools/binman/test/u_boot_binman_syms_bad.c b/tools/binman/test/u_boot_binman_syms_bad.c
new file mode 100644
index 0000000000..939b2e965f
--- /dev/null
+++ b/tools/binman/test/u_boot_binman_syms_bad.c
@@ -0,0 +1 @@
+u_boot_binman_syms.c
\ No newline at end of file
diff --git a/tools/buildman/buildman b/tools/buildman/buildman
deleted file mode 120000
index e4fba2d4b0..0000000000
--- a/tools/buildman/buildman
+++ /dev/null
@@ -1 +0,0 @@
-buildman.py
\ No newline at end of file
diff --git a/tools/buildman/buildman b/tools/buildman/buildman
new file mode 100644
index 0000000000..e4fba2d4b0
--- /dev/null
+++ b/tools/buildman/buildman
@@ -0,0 +1 @@
+buildman.py
\ No newline at end of file
diff --git a/tools/dtoc/dtoc b/tools/dtoc/dtoc
deleted file mode 120000
index 896ca44e62..0000000000
--- a/tools/dtoc/dtoc
+++ /dev/null
@@ -1 +0,0 @@
-dtoc.py
\ No newline at end of file
diff --git a/tools/dtoc/dtoc b/tools/dtoc/dtoc
new file mode 100644
index 0000000000..896ca44e62
--- /dev/null
+++ b/tools/dtoc/dtoc
@@ -0,0 +1 @@
+dtoc.py
\ No newline at end of file
diff --git a/tools/dtoc/test_fdt b/tools/dtoc/test_fdt
deleted file mode 120000
index 7c3b23031f..0000000000
--- a/tools/dtoc/test_fdt
+++ /dev/null
@@ -1 +0,0 @@
-test_fdt.py
\ No newline at end of file
diff --git a/tools/dtoc/test_fdt b/tools/dtoc/test_fdt
new file mode 100644
index 0000000000..7c3b23031f
--- /dev/null
+++ b/tools/dtoc/test_fdt
@@ -0,0 +1 @@
+test_fdt.py
\ No newline at end of file
diff --git a/tools/microcode-tool b/tools/microcode-tool
deleted file mode 120000
index 8be8507dd0..0000000000
--- a/tools/microcode-tool
+++ /dev/null
@@ -1 +0,0 @@
-microcode-tool.py
\ No newline at end of file
diff --git a/tools/microcode-tool b/tools/microcode-tool
new file mode 100644
index 0000000000..8be8507dd0
--- /dev/null
+++ b/tools/microcode-tool
@@ -0,0 +1 @@
+microcode-tool.py
\ No newline at end of file
diff --git a/tools/patman/patman b/tools/patman/patman
deleted file mode 120000
index 6cc3d7a56a..0000000000
--- a/tools/patman/patman
+++ /dev/null
@@ -1 +0,0 @@
-patman.py
\ No newline at end of file
diff --git a/tools/patman/patman b/tools/patman/patman
new file mode 100644
index 0000000000..6cc3d7a56a
--- /dev/null
+++ b/tools/patman/patman
@@ -0,0 +1 @@
+patman.py
\ No newline at end of file
U-Boot diff end
OPTEE commit information:
https://github.com/ms-iot/optee_os.git
ab616627d2ef6c2dc9a1be4eb05a3bd35edb5e2c
OPTEE diff information:
OPTEE diff end
EDK2 commit information:
https://github.com/tianocore/edk2
cce9d763580a955d294a5e3696cbe07a03965e2b
EDK2 diff information:
EDK2 diff end
EDK2-Platforms commit information:
https://github.com/ms-iot/imx-edk2-platforms.git
86edaff3c4a5da4091f67599ec8652b80fb2e54d
EDK2-Platforms diff information:
EDK2-Platforms diff end
