U-Boot commit information:
https://github.com/ms-iot/u-boot.git
c0637ee7a3bc0a2e0e0ea679ceae142e3bf5b511
U-Boot diff information:
U-Boot diff end
OPTEE commit information:
https://github.com/ms-iot/optee_os.git
2ab0f50c68122a91c62d66b25e6758424dd6a93d
OPTEE diff information:
OPTEE diff end
EDK2 commit information:
https://github.com/ms-iot/EDK2.git
89910a39dcfd788057caa5d88b7e76e112d187b5
EDK2 diff information:
EDK2 diff end
EDK2-Platforms commit information:
https://github.com/ms-iot/imx-edk2-platforms.git
a8f2188e1aa7684ef112902c1885dbf5cda817ae
EDK2-Platforms diff information:
EDK2-Platforms diff end
